-------------------------------------------------------------------------------
Test set: TestEtm
-------------------------------------------------------------------------------
Tests run: 1, Failures: 0, Errors: 1, Skipped: 0, Time elapsed: 3.103 s <<< FAILURE! - in TestEtm
testGoogleSearch  Time elapsed: 2.062 s  <<< ERROR!
java.lang.IllegalStateException: The driver executable does not exist: C:\path\to\chromedriver
	at TestEtm.testGoogleSearch(TestEtm.java:28)

